presentation/build/outputs/mapping/noAnalyticsRelease/configuration.txt
# The proguard configuration file for the following section is default_proguard_files/global/proguard-android.txt-8.2.2
# This is a configuration file for ProGuard.
# http://proguard.sourceforge.net/index.html#manual/usage.html
#
# Starting with version 2.2 of the Android plugin for Gradle, this file is distributed together with
# the plugin and unpacked at build-time. The files in $ANDROID_HOME are no longer maintained and
# will be ignored by new version of the Android plugin for Gradle.

# Optimization is turned off by default. Dex does not like code run
# through the ProGuard optimize steps (and performs some
# of these optimizations on its own).
# Note that if you want to enable optimization, you cannot just
# include optimization flags in your own project configuration file;
# instead you will need to point to the
# "proguard-android-optimize.txt" file instead of this one from your
# project.properties file.
-dontoptimize

-dontusemixedcaseclassnames
-dontskipnonpubliclibraryclasses
-verbose

# Preserve some attributes that may be required for reflection.
-keepattributes AnnotationDefault,
                EnclosingMethod,
                InnerClasses,
                RuntimeVisibleAnnotations,
                RuntimeVisibleParameterAnnotations,
                RuntimeVisibleTypeAnnotations,
                Signature

-keep public class com.google.vending.licensing.ILicensingService
-keep public class com.android.vending.licensing.ILicensingService
-keep public class com.google.android.vending.licensing.ILicensingService
-dontnote com.android.vending.licensing.ILicensingService
-dontnote com.google.vending.licensing.ILicensingService
-dontnote com.google.android.vending.licensing.ILicensingService

# For native methods, see http://proguard.sourceforge.net/manual/examples.html#native
-keepclasseswithmembernames,includedescriptorclasses class * {
    native <methods>;
}

# Keep setters in Views so that animations can still work.
-keepclassmembers public class * extends android.view.View {
    void set*(***);
    *** get*();
}

# We want to keep methods in Activity that could be used in the XML attribute onClick.
-keepclassmembers class * extends android.app.Activity {
    public void *(android.view.View);
}

# For enumeration classes, see http://proguard.sourceforge.net/manual/examples.html#enumerations
-keepclassmembers enum * {
    public static **[] values();
    public static ** valueOf(java.lang.String);
}

-keepclassmembers class * implements android.os.Parcelable {
    public static final ** CREATOR;
}

# Preserve annotated Javascript interface methods.
-keepclassmembers class * {
    @android.webkit.JavascriptInterface <methods>;
}

# The support libraries contains references to newer platform versions.
# Don't warn about those in case this app is linking against an older
# platform version. We know about them, and they are safe.
-dontnote android.support.**
-dontnote androidx.**
-dontwarn android.support.**
-dontwarn androidx.**

# This class is deprecated, but remains for backward compatibility.
-dontwarn android.util.FloatMath

# Understand the @Keep support annotation.
-keep class android.support.annotation.Keep
-keep class androidx.annotation.Keep

-keep @android.support.annotation.Keep class * {*;}
-keep @androidx.annotation.Keep class * {*;}

-keepclasseswithmembers class * {
    @android.support.annotation.Keep <methods>;
}

-keepclasseswithmembers class * {
    @androidx.annotation.Keep <methods>;
}

-keepclasseswithmembers class * {
    @android.support.annotation.Keep <fields>;
}

-keepclasseswithmembers class * {
    @androidx.annotation.Keep <fields>;
}

-keepclasseswithmembers class * {
    @android.support.annotation.Keep <init>(...);
}

-keepclasseswithmembers class * {
    @androidx.annotation.Keep <init>(...);
}

# These classes are duplicated between android.jar and org.apache.http.legacy.jar.
-dontnote org.apache.http.**
-dontnote android.net.http.**

# These classes are duplicated between android.jar and core-lambda-stubs.jar.
-dontnote java.lang.invoke.**

# End of content from default_proguard_files/global/proguard-android.txt-8.2.2
# The proguard configuration file for the following section is cc-messaging/presentation/proguard-rules.pro
-dontobfuscate

# android-smsmms
# -keep class android.net.** { *; }
-dontwarn android.net.ConnectivityManager
-dontwarn android.net.LinkProperties

# autodispose
-dontwarn com.uber.autodispose.**

# ez-vcard
-dontwarn ezvcard.**
-dontwarn org.apache.log.**
-dontwarn org.apache.log4j.**
-dontwarn org.python.core.**

# okio
-dontwarn okio.**

# okhttp3
# JSR 305 annotations are for embedding nullability information.
-dontwarn javax.annotation.**

# A resource is loaded with a relative path so the package of this class must be preserved.
-keepnames class okhttp3.internal.publicsuffix.PublicSuffixDatabase

# Animal Sniffer compileOnly dependency to ensure APIs are compatible with older versions of Java.
-dontwarn org.codehaus.mojo.animal_sniffer.*

# OkHttp platform used only on JVM and when Conscrypt dependency is available.
-dontwarn okhttp3.internal.platform.ConscryptPlatform

# moshi
# JSR 305 annotations are for embedding nullability information.
-dontwarn javax.annotation.**

-keepclasseswithmembers class * {
    @com.squareup.moshi.* <methods>;
}

-keep @com.squareup.moshi.JsonQualifier interface *

# Enum field names are used by the integrated EnumJsonAdapter.
# Annotate enums with @JsonClass(generateAdapter = false) to use them with Moshi.
-keepclassmembers @com.squareup.moshi.JsonClass class * extends java.lang.Enum {
    <fields>;
}

# The name of @JsonClass types is used to look up the generated adapter.
-keepnames @com.squareup.moshi.JsonClass class *

# Retain generated target class's synthetic defaults constructor and keep DefaultConstructorMarker's
# name. We will look this up reflectively to invoke the type's constructor.
#
# We can't _just_ keep the defaults constructor because Proguard/R8's spec doesn't allow wildcard
# matching preceding parameters.
-keepnames class kotlin.jvm.internal.DefaultConstructorMarker
-keepclassmembers @com.squareup.moshi.JsonClass class * {
    <init>(...);
}

# Retain generated JsonAdapters if annotated type is retained.
-keep class **JsonAdapter {
    <init>(...);
    <fields>;
}

-if @com.squareup.moshi.JsonClass class *
-keep class <1>JsonAdapter {
    <init>(...);
    <fields>;
}
-if @com.squareup.moshi.JsonClass class **$*
-keep class <1>_<2>JsonAdapter {
    <init>(...);
    <fields>;
}
-if @com.squareup.moshi.JsonClass class **$*$*
-keep class <1>_<2>_<3>JsonAdapter {
    <init>(...);
    <fields>;
}
-if @com.squareup.moshi.JsonClass class **$*$*$*
-keep class <1>_<2>_<3>_<4>JsonAdapter {
    <init>(...);
    <fields>;
}
-if @com.squareup.moshi.JsonClass class **$*$*$*$*
-keep class <1>_<2>_<3>_<4>_<5>JsonAdapter {
    <init>(...);
    <fields>;
}
-if @com.squareup.moshi.JsonClass class **$*$*$*$*$*
-keep class <1>_<2>_<3>_<4>_<5>_<6>JsonAdapter {
    <init>(...);
    <fields>;
}

# End of content from cc-messaging/presentation/proguard-rules.pro
# The proguard configuration file for the following section is aapt_proguard_file/noAnalyticsRelease/aapt_rules.txt
-keep class androidx.core.app.CoreComponentFactory { <init>(); }
-keep class androidx.core.content.FileProvider { <init>(); }
-keep class androidx.lifecycle.ProcessLifecycleOwnerInitializer { <init>(); }
-keep class com.android.mms.transaction.TransactionService { <init>(); }
-keep class com.klinker.android.send_message.MmsFileProvider { <init>(); }
-keep class dev.octoshrimpy.quik.common.QKApplication { <init>(); }
-keep class dev.octoshrimpy.quik.common.util.QkChooserTargetService { <init>(); }
-keep class dev.octoshrimpy.quik.feature.backup.BackupActivity { <init>(); }
-keep class dev.octoshrimpy.quik.feature.backup.RestoreBackupService { <init>(); }
-keep class dev.octoshrimpy.quik.feature.blocking.BlockingActivity { <init>(); }
-keep class dev.octoshrimpy.quik.feature.compose.ComposeActivity { <init>(); }
-keep class dev.octoshrimpy.quik.feature.contacts.ContactsActivity { <init>(); }
-keep class dev.octoshrimpy.quik.feature.conversationinfo.ConversationInfoActivity { <init>(); }
-keep class dev.octoshrimpy.quik.feature.gallery.GalleryActivity { <init>(); }
-keep class dev.octoshrimpy.quik.feature.main.MainActivity { <init>(); }
-keep class dev.octoshrimpy.quik.feature.notificationprefs.NotificationPrefsActivity { <init>(); }
-keep class dev.octoshrimpy.quik.feature.plus.PlusActivity { <init>(); }
-keep class dev.octoshrimpy.quik.feature.qkreply.QkReplyActivity { <init>(); }
-keep class dev.octoshrimpy.quik.feature.scheduled.ScheduledActivity { <init>(); }
-keep class dev.octoshrimpy.quik.feature.settings.SettingsActivity { <init>(); }
-keep class dev.octoshrimpy.quik.feature.widget.WidgetProvider { <init>(); }
-keep class dev.octoshrimpy.quik.feature.widget.WidgetService { <init>(); }
-keep class dev.octoshrimpy.quik.receiver.BlockThreadReceiver { <init>(); }
-keep class dev.octoshrimpy.quik.receiver.BootReceiver { <init>(); }
-keep class dev.octoshrimpy.quik.receiver.DefaultSmsChangedReceiver { <init>(); }
-keep class dev.octoshrimpy.quik.receiver.DeleteMessagesReceiver { <init>(); }
-keep class dev.octoshrimpy.quik.receiver.MarkArchivedReceiver { <init>(); }
-keep class dev.octoshrimpy.quik.receiver.MarkReadReceiver { <init>(); }
-keep class dev.octoshrimpy.quik.receiver.MarkSeenReceiver { <init>(); }
-keep class dev.octoshrimpy.quik.receiver.MmsReceivedReceiver { <init>(); }
-keep class dev.octoshrimpy.quik.receiver.MmsReceiver { <init>(); }
-keep class dev.octoshrimpy.quik.receiver.MmsSentReceiver { <init>(); }
-keep class dev.octoshrimpy.quik.receiver.MmsUpdatedReceiver { <init>(); }
-keep class dev.octoshrimpy.quik.receiver.NightModeReceiver { <init>(); }
-keep class dev.octoshrimpy.quik.receiver.RemoteMessagingReceiver { <init>(); }
-keep class dev.octoshrimpy.quik.receiver.SendScheduledMessageReceiver { <init>(); }
-keep class dev.octoshrimpy.quik.receiver.SendSmsReceiver { <init>(); }
-keep class dev.octoshrimpy.quik.receiver.SmsDeliveredReceiver { <init>(); }
-keep class dev.octoshrimpy.quik.receiver.SmsProviderChangedReceiver { <init>(); }
-keep class dev.octoshrimpy.quik.receiver.SmsReceiver { <init>(); }
-keep class dev.octoshrimpy.quik.receiver.SmsSentReceiver { <init>(); }
-keep class dev.octoshrimpy.quik.service.AutoDeleteService { <init>(); }
-keep class dev.octoshrimpy.quik.service.HeadlessSmsSendService { <init>(); }
-keep class android.widget.Space { <init>(android.content.Context, android.util.AttributeSet); }

-keep class androidx.appcompat.app.AlertController$RecycleListView { <init>(android.content.Context, android.util.AttributeSet); }

-keep class androidx.appcompat.view.menu.ActionMenuItemView { <init>(android.content.Context, android.util.AttributeSet); }

-keep class androidx.appcompat.view.menu.ExpandedMenuView { <init>(android.content.Context, android.util.AttributeSet); }

-keep class androidx.appcompat.view.menu.ListMenuItemView { <init>(android.content.Context, android.util.AttributeSet); }

-keep class androidx.appcompat.widget.ActionBarContainer { <init>(android.content.Context, android.util.AttributeSet); }

-keep class androidx.appcompat.widget.ActionBarContextView { <init>(android.content.Context, android.util.AttributeSet); }

-keep class androidx.appcompat.widget.ActionBarOverlayLayout { <init>(android.content.Context, android.util.AttributeSet); }

-keep class androidx.appcompat.widget.ActionMenuView { <init>(android.content.Context, android.util.AttributeSet); }

-keep class androidx.appcompat.widget.ActivityChooserView$InnerLayout { <init>(android.content.Context, android.util.AttributeSet); }

-keep class androidx.appcompat.widget.AlertDialogLayout { <init>(android.content.Context, android.util.AttributeSet); }

-keep class androidx.appcompat.widget.AppCompatImageView { <init>(android.content.Context, android.util.AttributeSet); }

-keep class androidx.appcompat.widget.AppCompatRadioButton { <init>(android.content.Context, android.util.AttributeSet); }

-keep class androidx.appcompat.widget.ButtonBarLayout { <init>(android.content.Context, android.util.AttributeSet); }

-keep class androidx.appcompat.widget.ContentFrameLayout { <init>(android.content.Context, android.util.AttributeSet); }

-keep class androidx.appcompat.widget.DialogTitle { <init>(android.content.Context, android.util.AttributeSet); }

-keep class androidx.appcompat.widget.FitWindowsFrameLayout { <init>(android.content.Context, android.util.AttributeSet); }

-keep class androidx.appcompat.widget.FitWindowsLinearLayout { <init>(android.content.Context, android.util.AttributeSet); }

-keep class androidx.appcompat.widget.SearchView$SearchAutoComplete { <init>(android.content.Context, android.util.AttributeSet); }

-keep class androidx.appcompat.widget.Toolbar { <init>(android.content.Context, android.util.AttributeSet); }

-keep class androidx.appcompat.widget.ViewStubCompat { <init>(android.content.Context, android.util.AttributeSet); }

-keep class androidx.constraintlayout.widget.ConstraintLayout { <init>(android.content.Context, android.util.AttributeSet); }

-keep class androidx.constraintlayout.widget.Group { <init>(android.content.Context, android.util.AttributeSet); }

-keep class androidx.coordinatorlayout.widget.CoordinatorLayout { <init>(android.content.Context, android.util.AttributeSet); }

-keep class androidx.core.widget.NestedScrollView { <init>(android.content.Context, android.util.AttributeSet); }

-keep class androidx.drawerlayout.widget.DrawerLayout { <init>(android.content.Context, android.util.AttributeSet); }

-keep class androidx.emoji.widget.EmojiExtractEditText { <init>(android.content.Context, android.util.AttributeSet); }

-keep class androidx.emoji.widget.ExtractButtonCompat { <init>(android.content.Context, android.util.AttributeSet); }

-keep class androidx.recyclerview.widget.RecyclerView { <init>(android.content.Context, android.util.AttributeSet); }

-keep class androidx.viewpager.widget.ViewPager { <init>(android.content.Context, android.util.AttributeSet); }

-keep class androidx.viewpager2.widget.ViewPager2 { <init>(android.content.Context, android.util.AttributeSet); }

-keep class com.bluelinelabs.conductor.ChangeHandlerFrameLayout { <init>(android.content.Context, android.util.AttributeSet); }

-keep class com.github.chrisbanes.photoview.PhotoView { <init>(android.content.Context, android.util.AttributeSet); }

-keep class com.google.android.exoplayer2.ui.AspectRatioFrameLayout { <init>(android.content.Context, android.util.AttributeSet); }

-keep class com.google.android.exoplayer2.ui.DefaultTimeBar { <init>(android.content.Context, android.util.AttributeSet); }

-keep class com.google.android.exoplayer2.ui.PlayerView { <init>(android.content.Context, android.util.AttributeSet); }

-keep class com.google.android.exoplayer2.ui.SubtitleView { <init>(android.content.Context, android.util.AttributeSet); }

-keep class com.google.android.exoplayer2.ui.TrackSelectionView { <init>(android.content.Context, android.util.AttributeSet); }

-keep class com.google.android.flexbox.FlexboxLayout { <init>(android.content.Context, android.util.AttributeSet); }

-keep class com.google.android.material.appbar.AppBarLayout { <init>(android.content.Context, android.util.AttributeSet); }

-keep class com.google.android.material.appbar.CollapsingToolbarLayout { <init>(android.content.Context, android.util.AttributeSet); }

-keep class com.google.android.material.floatingactionbutton.FloatingActionButton { <init>(android.content.Context, android.util.AttributeSet); }

-keep class com.google.android.material.internal.BaselineLayout { <init>(android.content.Context, android.util.AttributeSet); }

-keep class com.google.android.material.internal.CheckableImageButton { <init>(android.content.Context, android.util.AttributeSet); }

-keep class com.google.android.material.internal.NavigationMenuItemView { <init>(android.content.Context, android.util.AttributeSet); }

-keep class com.google.android.material.internal.NavigationMenuView { <init>(android.content.Context, android.util.AttributeSet); }

-keep class com.google.android.material.snackbar.Snackbar$SnackbarLayout { <init>(android.content.Context, android.util.AttributeSet); }

-keep class com.google.android.material.snackbar.SnackbarContentLayout { <init>(android.content.Context, android.util.AttributeSet); }

-keep class dev.octoshrimpy.quik.common.widget.AvatarView { <init>(android.content.Context, android.util.AttributeSet); }

-keep class dev.octoshrimpy.quik.common.widget.BubbleImageView { <init>(android.content.Context, android.util.AttributeSet); }

-keep class dev.octoshrimpy.quik.common.widget.GroupAvatarView { <init>(android.content.Context, android.util.AttributeSet); }

-keep class dev.octoshrimpy.quik.common.widget.PagerTitleView { <init>(android.content.Context, android.util.AttributeSet); }

-keep class dev.octoshrimpy.quik.common.widget.PreferenceView { <init>(android.content.Context, android.util.AttributeSet); }

-keep class dev.octoshrimpy.quik.common.widget.QkEditText { <init>(android.content.Context, android.util.AttributeSet); }

-keep class dev.octoshrimpy.quik.common.widget.QkSwitch { <init>(android.content.Context, android.util.AttributeSet); }

-keep class dev.octoshrimpy.quik.common.widget.QkTextView { <init>(android.content.Context, android.util.AttributeSet); }

-keep class dev.octoshrimpy.quik.common.widget.RadioPreferenceView { <init>(android.content.Context, android.util.AttributeSet); }

-keep class dev.octoshrimpy.quik.common.widget.SquareImageView { <init>(android.content.Context, android.util.AttributeSet); }

-keep class dev.octoshrimpy.quik.common.widget.TightTextView { <init>(android.content.Context, android.util.AttributeSet); }

-keep class dev.octoshrimpy.quik.feature.blocking.manager.BlockingManagerPreferenceView { <init>(android.content.Context, android.util.AttributeSet); }

-keep class dev.octoshrimpy.quik.feature.themepicker.HSVPickerView { <init>(android.content.Context, android.util.AttributeSet); }


# End of content from aapt_proguard_file/noAnalyticsRelease/aapt_rules.txt
# The proguard configuration file for the following section is transformed/jetified-realm-android-library-10.15.0/proguard.txt
-keep class io.realm.annotations.RealmModule
-keep @io.realm.annotations.RealmModule class *
-keep @interface io.realm.annotations.RealmModule { *; }
-keep class io.realm.annotations.RealmModule { *; }

-keep class io.realm.internal.Keep
-keep @io.realm.internal.Keep class * { *; }

-keep class io.realm.internal.KeepMember
-keep @io.realm.internal.KeepMember class * { @io.realm.internal.KeepMember *; }

-dontwarn javax.**
-dontwarn io.realm.**
-dontwarn io.reactivex.android.**

-keep class io.realm.RealmCollection
-keep class io.realm.OrderedRealmCollection
-keepclasseswithmembernames class io.realm.** {
    native <methods>;
}

-dontnote rx.Observable

# Referenced from JNI
-keep class org.bson.types.Decimal128 {
    public static org.bson.types.Decimal128 fromIEEE754BIDEncoding(...);
}
-keep class org.bson.types.ObjectId {
    <init>(...);
}

# It's OK not to exist SyncObjectServerFacade in base library.
-dontnote io.realm.internal.SyncObjectServerFacade



# End of content from transformed/jetified-realm-android-library-10.15.0/proguard.txt
# The proguard configuration file for the following section is transformed/material-1.0.0/proguard.txt
# Copyright (C) 2015 The Android Open Source Project
#
# Licensed under the Apache License, Version 2.0 (the "License");
# you may not use this file except in compliance with the License.
# You may obtain a copy of the License at
#
#      http://www.apache.org/licenses/LICENSE-2.0
#
# Unless required by applicable law or agreed to in writing, software
# distributed under the License is distributed on an "AS IS" BASIS,