presentation/build/outputs/mapping/noAnalyticsRelease/seeds.txt
dev.octoshrimpy.quik.common.QKApplication
dev.octoshrimpy.quik.receiver.SmsReceiver
dev.octoshrimpy.quik.receiver.SmsProviderChangedReceiver
dev.octoshrimpy.quik.feature.scheduled.ScheduledActivity
dev.octoshrimpy.quik.common.widget.SquareImageView
dev.octoshrimpy.quik.receiver.MmsUpdatedReceiver
dev.octoshrimpy.quik.feature.backup.BackupActivity
dev.octoshrimpy.quik.common.widget.AvatarView
dev.octoshrimpy.quik.feature.main.MainActivity
dev.octoshrimpy.quik.feature.widget.WidgetService
dev.octoshrimpy.quik.feature.plus.PlusActivity
dev.octoshrimpy.quik.receiver.SendSmsReceiver
dev.octoshrimpy.quik.service.AutoDeleteService
dev.octoshrimpy.quik.receiver.RemoteMessagingReceiver
dev.octoshrimpy.quik.receiver.MarkReadReceiver
dev.octoshrimpy.quik.common.widget.QkTextView
dev.octoshrimpy.quik.feature.qkreply.QkReplyActivity
dev.octoshrimpy.quik.receiver.SmsDeliveredReceiver
dev.octoshrimpy.quik.common.widget.RadioPreferenceView
dev.octoshrimpy.quik.receiver.DeleteMessagesReceiver
dev.octoshrimpy.quik.common.util.QkChooserTargetService
dev.octoshrimpy.quik.feature.contacts.ContactsActivity
dev.octoshrimpy.quik.common.widget.TightTextView
dev.octoshrimpy.quik.feature.blocking.BlockingActivity
dev.octoshrimpy.quik.feature.gallery.GalleryActivity
dev.octoshrimpy.quik.feature.compose.ComposeActivity
dev.octoshrimpy.quik.common.widget.PreferenceView
dev.octoshrimpy.quik.receiver.NightModeReceiver
dev.octoshrimpy.quik.feature.backup.RestoreBackupService
dev.octoshrimpy.quik.common.widget.GroupAvatarView
dev.octoshrimpy.quik.feature.conversationinfo.ConversationInfoActivity
dev.octoshrimpy.quik.receiver.MarkArchivedReceiver
dev.octoshrimpy.quik.common.widget.QkEditText
dev.octoshrimpy.quik.manager.ChangelogManagerImpl$Changeset
dev.octoshrimpy.quik.common.widget.PagerTitleView
dev.octoshrimpy.quik.common.widget.BubbleImageView
dev.octoshrimpy.quik.receiver.SendScheduledMessageReceiver
dev.octoshrimpy.quik.feature.notificationprefs.NotificationPrefsActivity
dev.octoshrimpy.quik.receiver.BootReceiver
dev.octoshrimpy.quik.receiver.MmsSentReceiver
dev.octoshrimpy.quik.receiver.MmsReceiver
dev.octoshrimpy.quik.receiver.MmsReceivedReceiver
dev.octoshrimpy.quik.common.widget.QkSwitch
dev.octoshrimpy.quik.service.HeadlessSmsSendService
dev.octoshrimpy.quik.feature.settings.SettingsActivity
dev.octoshrimpy.quik.feature.themepicker.HSVPickerView
dev.octoshrimpy.quik.receiver.BlockThreadReceiver
dev.octoshrimpy.quik.feature.blocking.manager.BlockingManagerPreferenceView
dev.octoshrimpy.quik.receiver.MarkSeenReceiver
dev.octoshrimpy.quik.receiver.SmsSentReceiver
dev.octoshrimpy.quik.feature.widget.WidgetProvider
dev.octoshrimpy.quik.receiver.DefaultSmsChangedReceiver
dev.octoshrimpy.quik.common.widget.BubbleImageView$Style: dev.octoshrimpy.quik.common.widget.BubbleImageView$Style[] values()
dev.octoshrimpy.quik.common.widget.QkTextView: void setTextColor(int)
dev.octoshrimpy.quik.feature.themepicker.HSVPickerView: void setColor(int)
dev.octoshrimpy.quik.feature.settings.SettingsActivity: SettingsActivity()
dev.octoshrimpy.quik.feature.plus.PlusActivity: PlusActivity()
dev.octoshrimpy.quik.feature.blocking.manager.BlockingManagerPreferenceView: void setTitle(java.lang.String)
dev.octoshrimpy.quik.feature.blocking.manager.BlockingManagerPreferenceView: void setSummary(java.lang.String)
dev.octoshrimpy.quik.receiver.SmsProviderChangedReceiver: SmsProviderChangedReceiver()
dev.octoshrimpy.quik.common.widget.PagerTitleView: dev.octoshrimpy.quik.repository.ConversationRepository getConversationRepo()
dev.octoshrimpy.quik.common.widget.AvatarView: void setNavigator(dev.octoshrimpy.quik.common.Navigator)
dev.octoshrimpy.quik.feature.backup.RestoreBackupService: RestoreBackupService()
dev.octoshrimpy.quik.feature.blocking.numbers.BlockedNumbersController: BlockedNumbersController()
dev.octoshrimpy.quik.common.QKApplication: QKApplication()
dev.octoshrimpy.quik.common.widget.RadioPreferenceView: java.lang.String getTitle()
...
androidx.appcompat.widget.AppCompatAutoCompleteTextView: void setCustomSelectionActionModeCallback(android.view.ActionMode$Callback)
io.realm.internal.objectstore.OsObjectBuilder: void nativeAddStringDictionaryEntry(long,java.lang.String,java.lang.String)
com.google.android.material.internal.VisibilityAwareImageButton: int getUserSetVisibility()
io.realm.internal.OsMap: void nativePutNull(long,java.lang.String)
androidx.appcompat.widget.ActionMenuView: android.view.Menu getMenu()
androidx.drawerlayout.widget.DrawerLayout: void setStatusBarBackgroundColor(int)
androidx.appcompat.widget.AppCompatCheckBox: android.graphics.PorterDuff$Mode getSupportButtonTintMode()
com.google.android.material.appbar.AppBarLayout: int getTopInset()
io.realm.internal.OsMap: boolean nativeContainsFloat(long,float)
androidx.appcompat.app.AppCompatActivity: void setContentView(android.view.View)
kotlinx.coroutines.android.AndroidDispatcherFactory: AndroidDispatcherFactory()
io.realm.internal.OsObject: void notifyChangeListeners(java.lang.String[])
androidx.appcompat.widget.LinearLayoutCompat: int getBaseline()
com.bluelinelabs.conductor.internal.LifecycleHandler: LifecycleHandler()
androidx.core.view.WindowInsetsCompat$Impl: androidx.core.view.DisplayCutoutCompat getDisplayCutout()
com.google.android.material.internal.NavigationMenuView: NavigationMenuView(android.content.Context,android.util.AttributeSet)
io.realm.internal.core.NativeRealmAny: java.lang.String nativeAsString(long)
androidx.appcompat.widget.AppCompatButton: void setSupportBackgroundTintMode(android.graphics.PorterDuff$Mode)
io.realm.exceptions.RealmFileException$Kind: RealmFileException$Kind(java.lang.String,int)
io.realm.internal.UncheckedRow: void nativeSetLink(long,long,long)
com.google.android.material.button.MaterialButton: android.graphics.PorterDuff$Mode getBackgroundTintMode()
io.realm.internal.UncheckedRow: void nativeSetString(long,long,java.lang.String)
io.realm.internal.RealmNotifier: int getListenersListSize()
io.realm.internal.OsSharedRealm: boolean nativeIsFrozen(long)
io.realm.internal.Property: int nativeGetType(long)
androidx.appcompat.widget.Toolbar: void setNavigationContentDescription(java.lang.CharSequence)
androidx.lifecycle.Lifecycle$Event: androidx.lifecycle.Lifecycle$Event valueOf(java.lang.String)
io.realm.RealmMapEntrySet$IteratorType: io.realm.RealmMapEntrySet$IteratorType valueOf(java.lang.String)
kotlin.reflect.jvm.internal.impl.metadata.ProtoBuf$VersionRequirement$VersionKind: kotlin.reflect.jvm.internal.impl.metadata.ProtoBuf$VersionRequirement$VersionKind valueOf(java.lang.String)
androidx.lifecycle.Lifecycle$Event: androidx.lifecycle.Lifecycle$Event[] values()
androidx.appcompat.widget.DialogTitle: DialogTitle(android.content.Context,android.util.AttributeSet)
io.realm.internal.OsSchemaInfo: long nativeGetObjectSchemaInfo(long,java.lang.String)
io.reactivex.BackpressureStrategy: io.reactivex.BackpressureStrategy valueOf(java.lang.String)
io.realm.exceptions.RealmException: RealmException(java.lang.String,java.lang.Throwable)
androidx.appcompat.widget.Toolbar: void setSubtitleTextColor(android.content.res.ColorStateList)
androidx.core.view.WindowInsetsCompat$BuilderImpl: void setSystemWindowInsets(androidx.core.graphics.Insets)
io.realm.internal.core.NativeRealmAny: boolean coercedEquals(io.realm.internal.core.NativeRealmAny)
androidx.activity.ComponentActivity: void setContentView(android.view.View)
com.google.android.material.floatingactionbutton.FloatingActionButton: com.google.android.material.animation.MotionSpec getHideMotionSpec()
com.uber.rxdogtag.RxDogTag$Configuration$1: RxDogTag$Configuration$1()
com.squareup.moshi.kotlin.reflect.KotlinJsonAdapter: KotlinJsonAdapter(kotlin.reflect.KFunction,java.util.List,com.squareup.moshi.JsonReader$Options)
com.google.android.exoplayer2.ui.PlayerView: void setPlaybackPreparer(com.google.android.exoplayer2.PlaybackPreparer)