presentation/build/outputs/mapping/noAnalyticsRelease/mapping.txt
# compiler: R8
# compiler_version: 8.2.47
# min_api: 26
# common_typos_disable
# {"id":"com.android.tools.r8.mapping","version":"2.2"}
# pg_map_id: df5750f
# pg_map_hash: SHA-256 df5750f2f2dd294010545fc6180dc02cda067f64955c05daad5c569e2685be42
dev.octoshrimpy.quik.blocking.BlockingClient -> dev.octoshrimpy.quik.blocking.BlockingClient:
# {"id":"sourceFile","fileName":"BlockingClient.kt"}
dev.octoshrimpy.quik.blocking.BlockingClient$Action -> dev.octoshrimpy.quik.blocking.BlockingClient$Action:
# {"id":"sourceFile","fileName":"BlockingClient.kt"}
    0:0:void <init>(kotlin.jvm.internal.DefaultConstructorMarker) -> <init>
dev.octoshrimpy.quik.blocking.BlockingClient$Action$Block -> dev.octoshrimpy.quik.blocking.BlockingClient$Action$Block:
# {"id":"sourceFile","fileName":"BlockingClient.kt"}
    0:0:void <init>(java.lang.String) -> <init>
    0:0:void <init>(java.lang.String,int,kotlin.jvm.internal.DefaultConstructorMarker) -> <init>
dev.octoshrimpy.quik.blocking.BlockingClient$Action$DoNothing -> dev.octoshrimpy.quik.blocking.BlockingClient$Action$DoNothing:
# {"id":"sourceFile","fileName":"BlockingClient.kt"}
dev.octoshrimpy.quik.blocking.BlockingClient$Action$Unblock -> dev.octoshrimpy.quik.blocking.BlockingClient$Action$Unblock:
# {"id":"sourceFile","fileName":"BlockingClient.kt"}
dev.octoshrimpy.quik.blocking.BlockingClient$Capability -> dev.octoshrimpy.quik.blocking.BlockingClient$Capability:
# {"id":"sourceFile","fileName":"BlockingClient.kt"}
dev.octoshrimpy.quik.blocking.BlockingManager -> dev.octoshrimpy.quik.blocking.BlockingManager:
# {"id":"sourceFile","fileName":"BlockingManager.kt"}
dev.octoshrimpy.quik.blocking.BlockingManager_Factory -> dev.octoshrimpy.quik.blocking.BlockingManager_Factory:
# {"id":"sourceFile","fileName":"BlockingManager_Factory.java"}
    0:0:dev.octoshrimpy.quik.blocking.BlockingManager get() -> get
    0:0:java.lang.Object get() -> get
dev.octoshrimpy.quik.blocking.CallBlockerBlockingClient -> dev.octoshrimpy.quik.blocking.CallBlockerBlockingClient:
# {"id":"sourceFile","fileName":"CallBlockerBlockingClient.kt"}
    0:0:kotlin.Unit $r8$lambda$GQlVH4R6DQmTA96emjbJwKZiw6A(java.util.List,dev.octoshrimpy.quik.blocking.CallBlockerBlockingClient) -> $r8$lambda$GQlVH4R6DQmTA96emjbJwKZiw6A
      # {"id":"com.android.tools.r8.synthesized"}
    0:0:kotlin.Unit $r8$lambda$vLdm2RLMWM8uJHhuWzOI-Eng2y4(java.util.List,dev.octoshrimpy.quik.blocking.CallBlockerBlockingClient) -> $r8$lambda$vLdm2RLMWM8uJHhuWzOI-Eng2y4
      # {"id":"com.android.tools.r8.synthesized"}
    0:0:dev.octoshrimpy.quik.blocking.BlockingClient$Action $r8$lambda$wog1dg6XthDEtLcSzNLQ6ZmRIQk(dev.octoshrimpy.quik.blocking.CallBlockerBlockingClient,java.lang.String,java.lang.String) -> $r8$lambda$wog1dg6XthDEtLcSzNLQ6ZmRIQk
      # {"id":"com.android.tools.r8.synthesized"}
dev.octoshrimpy.quik.blocking.CallBlockerBlockingClient$$ExternalSyntheticLambda0 -> dev.octoshrimpy.quik.blocking.CallBlockerBlockingClient$$ExternalSyntheticLambda0:
# {"id":"sourceFile","fileName":"R8$$SyntheticClass"}
# {"id":"com.android.tools.r8.synthesized"}
    java.util.List dev.octoshrimpy.quik.blocking.CallBlockerBlockingClient$$InternalSyntheticLambda$2$ba761d27d9d6abbf8ed3da8d47daa71fc0f76a48db4bb086bf108751fbfd5a91$0.f$0 -> f$0
      # {"id":"com.android.tools.r8.synthesized"}
    dev.octoshrimpy.quik.blocking.CallBlockerBlockingClient dev.octoshrimpy.quik.blocking.CallBlockerBlockingClient$$InternalSyntheticLambda$2$ba761d27d9d6abbf8ed3da8d47daa71fc0f76a48db4bb086bf108751fbfd5a91$0.f$1 -> f$1
      # {"id":"com.android.tools.r8.synthesized"}
    0:0:void dev.octoshrimpy.quik.blocking.CallBlockerBlockingClient$$InternalSyntheticLambda$2$ba761d27d9d6abbf8ed3da8d47daa71fc0f76a48db4bb086bf108751fbfd5a91$0.<init>(java.util.List,dev.octoshrimpy.quik.blocking.CallBlockerBlockingClient) -> <init>
      # {"id":"com.android.tools.r8.synthesized"}
    0:0:java.lang.Object dev.octoshrimpy.quik.blocking.CallBlockerBlockingClient$$InternalSyntheticLambda$2$ba761d27d9d6abbf8ed3da8d47daa71fc0f76a48db4bb086bf108751fbfd5a91$0.call() -> call
      # {"id":"com.android.tools.r8.synthesized"}
...
kotlin.reflect.jvm.internal.impl.protobuf.UnmodifiableLazyStringList$2 -> kotlin.reflect.jvm.internal.impl.protobuf.UnmodifiableLazyStringList$2:
# {"id":"sourceFile","fileName":"UnmodifiableLazyStringList.java"}
    0:0:java.lang.Object next() -> next
    0:0:java.lang.String next() -> next
kotlin.reflect.jvm.internal.impl.protobuf.Utf8 -> kotlin.reflect.jvm.internal.impl.protobuf.Utf8:
# {"id":"sourceFile","fileName":"Utf8.java"}
    0:0:int incompleteStateFor(int) -> incompleteStateFor
    0:0:int incompleteStateFor(int,int) -> incompleteStateFor
    0:0:int incompleteStateFor(int,int,int) -> incompleteStateFor
    0:0:int incompleteStateFor(byte[],int,int) -> incompleteStateFor
    0:0:boolean isValidUtf8(byte[]) -> isValidUtf8
    0:0:boolean isValidUtf8(byte[],int,int) -> isValidUtf8
    0:0:int partialIsValidUtf8(int,byte[],int,int) -> partialIsValidUtf8
    0:0:int partialIsValidUtf8(byte[],int,int) -> partialIsValidUtf8
kotlin.reflect.jvm.internal.impl.protobuf.WireFormat -> kotlin.reflect.jvm.internal.impl.protobuf.WireFormat:
# {"id":"sourceFile","fileName":"WireFormat.java"}
kotlin.reflect.jvm.internal.impl.protobuf.WireFormat$1 -> kotlin.reflect.jvm.internal.impl.protobuf.WireFormat$1:
# {"id":"sourceFile","fileName":"WireFormat.java"}
kotlin.reflect.jvm.internal.impl.protobuf.WireFormat$FieldType -> kotlin.reflect.jvm.internal.impl.protobuf.WireFormat$FieldType:
# {"id":"sourceFile","fileName":"WireFormat.java"}
    0:0:void <init>(java.lang.String,int,kotlin.reflect.jvm.internal.impl.protobuf.WireFormat$JavaType,int) -> <init>
    0:0:void <init>(java.lang.String,int,kotlin.reflect.jvm.internal.impl.protobuf.WireFormat$JavaType,int,kotlin.reflect.jvm.internal.impl.protobuf.WireFormat$1) -> <init>
kotlin.reflect.jvm.internal.impl.protobuf.WireFormat$FieldType$1 -> kotlin.reflect.jvm.internal.impl.protobuf.WireFormat$FieldType$1:
# {"id":"sourceFile","fileName":"WireFormat.java"}
kotlin.reflect.jvm.internal.impl.protobuf.WireFormat$FieldType$2 -> kotlin.reflect.jvm.internal.impl.protobuf.WireFormat$FieldType$2:
# {"id":"sourceFile","fileName":"WireFormat.java"}
kotlin.reflect.jvm.internal.impl.protobuf.WireFormat$FieldType$3 -> kotlin.reflect.jvm.internal.impl.protobuf.WireFormat$FieldType$3:
# {"id":"sourceFile","fileName":"WireFormat.java"}
kotlin.reflect.jvm.internal.impl.protobuf.WireFormat$FieldType$4 -> kotlin.reflect.jvm.internal.impl.protobuf.WireFormat$FieldType$4:
# {"id":"sourceFile","fileName":"WireFormat.java"}
kotlin.reflect.jvm.internal.impl.protobuf.WireFormat$JavaType -> kotlin.reflect.jvm.internal.impl.protobuf.WireFormat$JavaType:
# {"id":"sourceFile","fileName":"WireFormat.java"}
kotlin.reflect.jvm.internal.impl.renderer.AnnotationArgumentsRenderingPolicy -> kotlin.reflect.jvm.internal.impl.renderer.AnnotationArgumentsRenderingPolicy:
# {"id":"sourceFile","fileName":"DescriptorRenderer.kt"}
    0:0:void <init>(java.lang.String,int,boolean,boolean) -> <init>
    0:0:void <init>(java.lang.String,int,boolean,boolean,int,kotlin.jvm.internal.DefaultConstructorMarker) -> <init>
kotlin.reflect.jvm.internal.impl.renderer.ClassifierNamePolicy -> kotlin.reflect.jvm.internal.impl.renderer.ClassifierNamePolicy:
# {"id":"sourceFile","fileName":"ClassifierNamePolicy.kt"}
kotlin.reflect.jvm.internal.impl.renderer.ClassifierNamePolicy$FULLY_QUALIFIED -> kotlin.reflect.jvm.internal.impl.renderer.ClassifierNamePolicy$FULLY_QUALIFIED:
# {"id":"sourceFile","fileName":"ClassifierNamePolicy.kt"}
kotlin.reflect.jvm.internal.impl.renderer.ClassifierNamePolicy$SHORT -> kotlin.reflect.jvm.internal.impl.renderer.ClassifierNamePolicy$SHORT:
# {"id":"sourceFile","fileName":"ClassifierNamePolicy.kt"}
kotlin.reflect.jvm.internal.impl.renderer.ClassifierNamePolicy$SOURCE_CODE_QUALIFIED -> kotlin.reflect.jvm.internal.impl.renderer.ClassifierNamePolicy$SOURCE_CODE_QUALIFIED:
# {"id":"sourceFile","fileName":"ClassifierNamePolicy.kt"}