presentation/build/outputs/mapping/noAnalyticsRelease/usage.txt
dev.octoshrimpy.quik.BuildConfig
dev.octoshrimpy.quik.R$anim
dev.octoshrimpy.quik.R$animator
dev.octoshrimpy.quik.R$array
dev.octoshrimpy.quik.R$attr
dev.octoshrimpy.quik.R$bool
dev.octoshrimpy.quik.R$color
dev.octoshrimpy.quik.R$dimen
dev.octoshrimpy.quik.R$drawable
dev.octoshrimpy.quik.R$font
dev.octoshrimpy.quik.R$id:
    public static final int ALT
    public static final int CTRL
    public static final int FUNCTION
    public static final int META
    public static final int SHIFT
    public static final int SYM
    public static final int accessibility_action_clickable_span
    public static final int accessibility_custom_action_0
    public static final int accessibility_custom_action_1
    public static final int accessibility_custom_action_10
    public static final int accessibility_custom_action_11
    public static final int accessibility_custom_action_12
    public static final int accessibility_custom_action_13
    public static final int accessibility_custom_action_14
    public static final int accessibility_custom_action_15
    public static final int accessibility_custom_action_16
    public static final int accessibility_custom_action_17
    public static final int accessibility_custom_action_18
    public static final int accessibility_custom_action_19
    public static final int accessibility_custom_action_2
    public static final int accessibility_custom_action_20
    public static final int accessibility_custom_action_21
    public static final int accessibility_custom_action_22
    public static final int accessibility_custom_action_23
    public static final int accessibility_custom_action_24
    public static final int accessibility_custom_action_25
    public static final int accessibility_custom_action_26
dev.octoshrimpy.quik.R$integer
dev.octoshrimpy.quik.R$interpolator
dev.octoshrimpy.quik.R$layout
dev.octoshrimpy.quik.R$menu
dev.octoshrimpy.quik.R$mipmap
dev.octoshrimpy.quik.R$plurals
dev.octoshrimpy.quik.R$string
dev.octoshrimpy.quik.R$style
dev.octoshrimpy.quik.R$styleable:
    public static final int ActionBarLayout_android_layout_gravity
    public static final int ActionBar_background
    public static final int ActionBar_backgroundSplit
    public static final int ActionBar_backgroundStacked
    public static final int ActionBar_contentInsetEnd
    public static final int ActionBar_contentInsetEndWithActions
    public static final int ActionBar_contentInsetLeft
    public static final int ActionBar_contentInsetRight
    public static final int ActionBar_contentInsetStart
    public static final int ActionBar_contentInsetStartWithNavigation
    public static final int ActionBar_customNavigationLayout
    public static final int ActionBar_displayOptions
    public static final int ActionBar_divider
    public static final int ActionBar_elevation
    public static final int ActionBar_height
    public static final int ActionBar_hideOnContentScroll
    public static final int ActionBar_homeAsUpIndicator
    public static final int ActionBar_homeLayout
    public static final int ActionBar_icon
    public static final int ActionBar_indeterminateProgressStyle
    public static final int ActionBar_itemPadding
    public static final int ActionBar_logo
    public static final int ActionBar_navigationMode
    public static final int ActionBar_popupTheme
    public static final int ActionBar_progressBarPadding
    public static final int ActionBar_progressBarStyle
    public static final int ActionBar_subtitle
dev.octoshrimpy.quik.R$xml
dev.octoshrimpy.quik.R
dev.octoshrimpy.quik.blocking.BlockingClient$Action$Block:
    public void <init>()
dev.octoshrimpy.quik.blocking.BlockingClient:
    public abstract boolean isAvailable()
dev.octoshrimpy.quik.blocking.BlockingManager:
    public boolean isAvailable()
...
io.reactivex.internal.operators.flowable.FlowableRepeatWhen$WhenReceiver
io.reactivex.internal.operators.flowable.FlowableRepeatWhen$WhenSourceSubscriber
io.reactivex.internal.operators.flowable.FlowableRepeatWhen
io.reactivex.internal.operators.flowable.FlowableReplay$BoundedReplayBuffer
io.reactivex.internal.operators.flowable.FlowableReplay$ConnectableFlowableReplay
io.reactivex.internal.operators.flowable.FlowableReplay$DefaultUnboundedFactory
io.reactivex.internal.operators.flowable.FlowableReplay$InnerSubscription
io.reactivex.internal.operators.flowable.FlowableReplay$MulticastFlowable$DisposableConsumer
io.reactivex.internal.operators.flowable.FlowableReplay$MulticastFlowable
io.reactivex.internal.operators.flowable.FlowableReplay$Node
io.reactivex.internal.operators.flowable.FlowableReplay$ReplayBuffer
io.reactivex.internal.operators.flowable.FlowableReplay$ReplayBufferTask
io.reactivex.internal.operators.flowable.FlowableReplay$ReplayPublisher
io.reactivex.internal.operators.flowable.FlowableReplay$ReplaySubscriber
io.reactivex.internal.operators.flowable.FlowableReplay$ScheduledReplayBufferTask
io.reactivex.internal.operators.flowable.FlowableReplay$SizeAndTimeBoundReplayBuffer
io.reactivex.internal.operators.flowable.FlowableReplay$SizeBoundReplayBuffer
io.reactivex.internal.operators.flowable.FlowableReplay$UnboundedReplayBuffer
io.reactivex.internal.operators.flowable.FlowableReplay
io.reactivex.internal.operators.flowable.FlowableRetryBiPredicate$RetryBiSubscriber
io.reactivex.internal.operators.flowable.FlowableRetryBiPredicate
io.reactivex.internal.operators.flowable.FlowableRetryPredicate$RetrySubscriber
io.reactivex.internal.operators.flowable.FlowableRetryPredicate
io.reactivex.internal.operators.flowable.FlowableRetryWhen$RetryWhenSubscriber
io.reactivex.internal.operators.flowable.FlowableRetryWhen
io.reactivex.internal.operators.flowable.FlowableSamplePublisher$SampleMainEmitLast
io.reactivex.internal.operators.flowable.FlowableSamplePublisher$SampleMainNoLast
io.reactivex.internal.operators.flowable.FlowableSamplePublisher$SamplePublisherSubscriber
io.reactivex.internal.operators.flowable.FlowableSamplePublisher$SamplerSubscriber
io.reactivex.internal.operators.flowable.FlowableSamplePublisher
io.reactivex.internal.operators.flowable.FlowableSampleTimed$SampleTimedEmitLast
io.reactivex.internal.operators.flowable.FlowableSampleTimed$SampleTimedNoLast
io.reactivex.internal.operators.flowable.FlowableSampleTimed$SampleTimedSubscriber
io.reactivex.internal.operators.flowable.FlowableSampleTimed
io.reactivex.internal.operators.flowable.FlowableScalarXMap:
    private void <init>()
io.reactivex.internal.operators.flowable.FlowableScan$ScanSubscriber
io.reactivex.internal.operators.flowable.FlowableScan
io.reactivex.internal.operators.flowable.FlowableScanSeed$ScanSeedSubscriber
io.reactivex.internal.operators.flowable.FlowableScanSeed
io.reactivex.internal.operators.flowable.FlowableSequenceEqual$EqualCoordinator
io.reactivex.internal.operators.flowable.FlowableSequenceEqual$EqualCoordinatorHelper
io.reactivex.internal.operators.flowable.FlowableSequenceEqual$EqualSubscriber
io.reactivex.internal.operators.flowable.FlowableSequenceEqual
io.reactivex.internal.operators.flowable.FlowableSequenceEqualSingle$EqualCoordinator
io.reactivex.internal.operators.flowable.FlowableSequenceEqualSingle
io.reactivex.internal.operators.flowable.FlowableSerialized
io.reactivex.internal.operators.flowable.FlowableSingle$SingleElementSubscriber
io.reactivex.internal.operators.flowable.FlowableSingle
io.reactivex.internal.operators.flowable.FlowableSingleMaybe$SingleElementSubscriber
io.reactivex.internal.operators.flowable.FlowableSingleMaybe
io.reactivex.internal.operators.flowable.FlowableSingleSingle$SingleElementSubscriber
io.reactivex.internal.operators.flowable.FlowableSingleSingle
io.reactivex.internal.operators.flowable.FlowableSkip$SkipSubscriber
io.reactivex.internal.operators.flowable.FlowableSkip